<?xml version="1.0" encoding="UTF-8"?>
<!-- Generated by org.testng.reporters.JUnitReportReporter -->
<testsuite hostname="ACER-ISHUWARA" failures="0" tests="1" name="saucedemo.testcases.LoginSaucedemo" time="0.850" errors="0" timestamp="2023-02-13T21:22:27 GST" skipped="0">
  <testcase classname="saucedemo.testcases.LoginSaucedemo" name="login" time="0.850"/>
  <system-out/>
</testsuite> <!-- saucedemo.testcases.LoginSaucedemo -->
